2025-11-21 12:17:05,951 - INFO - 输出文件名: SAP_Routing_latest.parquet
2025-11-21 12:17:05,953 - INFO - ================================================================================
2025-11-21 12:17:05,954 - INFO - 开始转换和合并标准时间表
2025-11-21 12:17:05,955 - INFO - ================================================================================
2025-11-21 12:17:05,955 - INFO - 读取Routing CSV文件: C:\Users\huangk14\OneDrive - Medtronic PLC\Huangkai Files\B1_Project\250418_MDDAP_project\10-SA指标\11数据模板\1303 Routing及机加工产品清单_1303 Routing.csv
2025-11-21 12:17:06,202 - INFO - Routing表读取成功，共 38293 行数据
2025-11-21 12:17:06,430 - INFO - Routing表处理完成，共 38293 行数据
2025-11-21 12:17:06,431 - INFO - 读取机加工清单CSV文件: C:\Users\huangk14\OneDrive - Medtronic PLC\Huangkai Files\B1_Project\250418_MDDAP_project\10-SA指标\11数据模板\1303 Routing及机加工产品清单_1303机加工清单.csv
2025-11-21 12:17:06,446 - INFO - 机加工清单表读取成功，共 3699 行数据
2025-11-21 12:17:06,464 - ERROR - 转换和合并标准时间表失败: 'Operation'
2025-11-21 12:17:06,465 - ERROR - 程序执行失败: 'Operation'
2025-11-21 12:18:53,376 - INFO - 输出文件名: SAP_Routing_latest.parquet
2025-11-21 12:18:53,377 - INFO - ================================================================================
2025-11-21 12:18:53,377 - INFO - 开始转换和合并标准时间表
2025-11-21 12:18:53,377 - INFO - ================================================================================
2025-11-21 12:18:53,378 - INFO - 读取Routing CSV文件: C:\Users\huangk14\OneDrive - Medtronic PLC\Huangkai Files\B1_Project\250418_MDDAP_project\10-SA指标\11数据模板\1303 Routing及机加工产品清单_1303 Routing.csv
2025-11-21 12:18:53,441 - INFO - Routing表读取成功，共 38293 行数据
2025-11-21 12:18:53,593 - INFO - Routing表处理完成，共 38293 行数据
2025-11-21 12:18:53,593 - INFO - 读取机加工清单CSV文件: C:\Users\huangk14\OneDrive - Medtronic PLC\Huangkai Files\B1_Project\250418_MDDAP_project\10-SA指标\11数据模板\1303 Routing及机加工产品清单_1303机加工清单.csv
2025-11-21 12:18:53,603 - INFO - 机加工清单表读取成功，共 3699 行数据
2025-11-21 12:18:53,838 - INFO - 合并完成，合并后共 38293 行数据
2025-11-21 12:18:53,840 - INFO - 匹配到OEE: 3647 行
2025-11-21 12:18:53,841 - INFO - 匹配到调试时间: 2521 行
2025-11-21 12:18:54,261 - INFO - 已保存Parquet文件: C:/Users/huangk14/OneDrive - Medtronic PLC/CZ Production - 文档/General/POWER BI 数据源 V2/30-MES导出数据/publish\SAP_Routing_latest.parquet, 行数: 38293
2025-11-21 12:18:54,275 - INFO - 数据量较大(38293行)，Excel文件只保存前10000行
2025-11-21 12:18:58,010 - INFO - 已保存Excel验证文件: C:/Users/huangk14/OneDrive - Medtronic PLC/CZ Production - 文档/General/POWER BI 数据源 V2/30-MES导出数据/publish\excel\SAP_Routing_latest.xlsx, 行数: 10000
2025-11-21 12:18:58,013 - INFO - 已保存合并后的标准时间表Parquet文件: C:/Users/huangk14/OneDrive - Medtronic PLC/CZ Production - 文档/General/POWER BI 数据源 V2/30-MES导出数据/publish\SAP_Routing_latest.parquet, 行数: 38293
2025-11-21 12:18:58,019 - INFO - ================================================================================
2025-11-21 12:18:58,019 - INFO - 转换和合并完成！
2025-11-21 12:18:58,019 - INFO - ================================================================================
2025-11-21 12:19:13,595 - INFO - 输出文件名: SAP_Routing_latest.parquet
2025-11-21 12:19:13,596 - INFO - ================================================================================
2025-11-21 12:19:13,596 - INFO - 开始转换和合并标准时间表
2025-11-21 12:19:13,596 - INFO - ================================================================================
2025-11-21 12:19:13,597 - INFO - 读取Routing CSV文件: C:\Users\huangk14\OneDrive - Medtronic PLC\Huangkai Files\B1_Project\250418_MDDAP_project\10-SA指标\11数据模板\1303 Routing及机加工产品清单_1303 Routing.csv
2025-11-21 12:19:13,674 - INFO - Routing表读取成功，共 38293 行数据
2025-11-21 12:19:13,922 - INFO - Routing表处理完成，共 38293 行数据
2025-11-21 12:19:13,922 - INFO - 读取机加工清单CSV文件: C:\Users\huangk14\OneDrive - Medtronic PLC\Huangkai Files\B1_Project\250418_MDDAP_project\10-SA指标\11数据模板\1303 Routing及机加工产品清单_1303机加工清单.csv
2025-11-21 12:19:13,933 - INFO - 机加工清单表读取成功，共 3699 行数据
2025-11-21 12:19:14,040 - INFO - 合并完成，合并后共 38293 行数据
2025-11-21 12:19:14,042 - INFO - 匹配到OEE: 3647 行
2025-11-21 12:19:14,043 - INFO - 匹配到调试时间: 2521 行
2025-11-21 12:19:14,286 - INFO - 已保存Parquet文件: C:/Users/huangk14/OneDrive - Medtronic PLC/CZ Production - 文档/General/POWER BI 数据源 V2/30-MES导出数据/publish\SAP_Routing_latest.parquet, 行数: 38293
2025-11-21 12:19:14,299 - INFO - 数据量较大(38293行)，Excel文件只保存前10000行
2025-11-21 12:19:17,970 - INFO - 已保存Excel验证文件: C:/Users/huangk14/OneDrive - Medtronic PLC/CZ Production - 文档/General/POWER BI 数据源 V2/30-MES导出数据/publish\excel\SAP_Routing_latest.xlsx, 行数: 10000
2025-11-21 12:19:17,972 - INFO - 已保存合并后的标准时间表Parquet文件: C:/Users/huangk14/OneDrive - Medtronic PLC/CZ Production - 文档/General/POWER BI 数据源 V2/30-MES导出数据/publish\SAP_Routing_latest.parquet, 行数: 38293
2025-11-21 12:19:17,976 - INFO - ================================================================================
2025-11-21 12:19:17,977 - INFO - 转换和合并完成！
2025-11-21 12:19:17,977 - INFO - ================================================================================
2025-11-21 12:20:20,216 - INFO - 输出文件名: SAP_Routing_latest.parquet
2025-11-21 12:20:20,217 - INFO - ================================================================================
2025-11-21 12:20:20,218 - INFO - 开始转换和合并标准时间表
2025-11-21 12:20:20,218 - INFO - ================================================================================
2025-11-21 12:20:20,219 - INFO - 读取Routing CSV文件: C:\Users\huangk14\OneDrive - Medtronic PLC\Huangkai Files\B1_Project\250418_MDDAP_project\10-SA指标\11数据模板\1303 Routing及机加工产品清单_1303 Routing.csv
2025-11-21 12:20:20,281 - INFO - Routing表读取成功，共 38293 行数据
2025-11-21 12:20:20,440 - INFO - Routing表处理完成，共 38293 行数据
2025-11-21 12:20:20,441 - INFO - 读取机加工清单CSV文件: C:\Users\huangk14\OneDrive - Medtronic PLC\Huangkai Files\B1_Project\250418_MDDAP_project\10-SA指标\11数据模板\1303 Routing及机加工产品清单_1303机加工清单.csv
2025-11-21 12:20:20,449 - INFO - 机加工清单表读取成功，共 3699 行数据
2025-11-21 12:20:20,521 - INFO - 合并完成，合并后共 38293 行数据
2025-11-21 12:20:20,523 - INFO - 匹配到OEE: 3647 行
2025-11-21 12:20:20,523 - INFO - 匹配到调试时间: 2521 行
2025-11-21 12:20:20,689 - INFO - 已保存Parquet文件: C:/Users/huangk14/OneDrive - Medtronic PLC/CZ Production - 文档/General/POWER BI 数据源 V2/30-MES导出数据/publish\SAP_Routing_latest.parquet, 行数: 38293
2025-11-21 12:20:20,698 - INFO - 数据量较大(38293行)，Excel文件只保存前10000行
2025-11-21 12:20:23,643 - INFO - 已保存Excel验证文件: C:/Users/huangk14/OneDrive - Medtronic PLC/CZ Production - 文档/General/POWER BI 数据源 V2/30-MES导出数据/publish\excel\SAP_Routing_latest.xlsx, 行数: 10000
2025-11-21 12:20:23,645 - INFO - 已保存合并后的标准时间表Parquet文件: C:/Users/huangk14/OneDrive - Medtronic PLC/CZ Production - 文档/General/POWER BI 数据源 V2/30-MES导出数据/publish\SAP_Routing_latest.parquet, 行数: 38293
2025-11-21 12:20:23,650 - INFO - ================================================================================
2025-11-21 12:20:23,651 - INFO - 转换和合并完成！
2025-11-21 12:20:23,652 - INFO - ================================================================================
2025-11-21 13:11:39,629 - INFO - 输出文件名: SAP_Routing_latest.parquet
2025-11-21 13:11:39,632 - INFO - ================================================================================
2025-11-21 13:11:39,633 - INFO - 开始转换和合并标准时间表
2025-11-21 13:11:39,634 - INFO - ================================================================================
2025-11-21 13:11:39,635 - INFO - 读取Routing CSV文件: C:\Users\huangk14\OneDrive - Medtronic PLC\Huangkai Files\B1_Project\250418_MDDAP_project\10-SA指标\11数据模板\1303 Routing及机加工产品清单_1303 Routing.csv
2025-11-21 13:11:39,784 - INFO - Routing表读取成功，共 38293 行数据
2025-11-21 13:11:40,004 - INFO - Routing表处理完成，共 38293 行数据
2025-11-21 13:11:40,004 - INFO - 读取机加工清单CSV文件: C:\Users\huangk14\OneDrive - Medtronic PLC\Huangkai Files\B1_Project\250418_MDDAP_project\10-SA指标\11数据模板\1303 Routing及机加工产品清单_1303机加工清单.csv
2025-11-21 13:11:40,059 - INFO - 机加工清单表读取成功，共 3699 行数据
2025-11-21 13:11:40,245 - INFO - 合并完成，合并后共 38293 行数据
2025-11-21 13:11:40,248 - INFO - 匹配到OEE: 3647 行
2025-11-21 13:11:40,249 - INFO - 匹配到调试时间: 2521 行
2025-11-21 13:11:40,665 - INFO - 已保存Parquet文件: C:/Users/huangk14/OneDrive - Medtronic PLC/CZ Production - 文档/General/POWER BI 数据源 V2/30-MES导出数据/publish\SAP_Routing_latest.parquet, 行数: 38293
2025-11-21 13:11:40,674 - INFO - 数据量较大(38293行)，Excel文件只保存前10000行
2025-11-21 13:11:44,180 - INFO - 已保存Excel验证文件: C:/Users/huangk14/OneDrive - Medtronic PLC/CZ Production - 文档/General/POWER BI 数据源 V2/30-MES导出数据/publish\excel\SAP_Routing_latest.xlsx, 行数: 10000
2025-11-21 13:11:44,183 - INFO - 已保存合并后的标准时间表Parquet文件: C:/Users/huangk14/OneDrive - Medtronic PLC/CZ Production - 文档/General/POWER BI 数据源 V2/30-MES导出数据/publish\SAP_Routing_latest.parquet, 行数: 38293
2025-11-21 13:11:44,189 - INFO - ================================================================================
2025-11-21 13:11:44,190 - INFO - 转换和合并完成！
2025-11-21 13:11:44,191 - INFO - ================================================================================
2025-11-24 12:19:07,222 - INFO - 输出文件名: SAP_Routing_latest.parquet
2025-11-24 12:19:07,224 - ERROR - Excel文件目录不存在: C:\Users\huangk14\OneDrive - Medtronic PLC\General - CZ OPS生产每日产出登记文件夹
2025-11-24 12:19:48,611 - INFO - 输出文件名: SAP_Routing_latest.parquet
2025-11-24 12:19:48,612 - INFO - ================================================================================
2025-11-24 12:19:48,612 - INFO - 开始转换和合并标准时间表
2025-11-24 12:19:48,613 - INFO - ================================================================================
2025-11-24 12:19:48,615 - INFO - 读取工厂 133 的Excel文件: C:\Users\huangk14\OneDrive - Medtronic PLC\General - CZ OPS生产每日产出登记\133 Routing及机加工产品清单.xlsx
2025-11-24 12:19:48,616 - ERROR - Excel文件不存在: C:\Users\huangk14\OneDrive - Medtronic PLC\General - CZ OPS生产每日产出登记\133 Routing及机加工产品清单.xlsx
2025-11-24 12:19:48,616 - INFO - 读取工厂 9997 的Excel文件: C:\Users\huangk14\OneDrive - Medtronic PLC\General - CZ OPS生产每日产出登记\9997 Routing及机加工产品清单.xlsx
2025-11-24 12:20:20,134 - ERROR - 读取工厂 9997 Routing表失败: Worksheet named '1303 Routing' not found
2025-11-24 12:20:20,135 - ERROR - 转换和合并标准时间表失败: 没有成功读取任何Routing数据
2025-11-24 12:20:20,135 - ERROR - 程序执行失败: 没有成功读取任何Routing数据
2025-11-24 12:21:48,488 - INFO - 输出文件名: SAP_Routing_latest.parquet
2025-11-24 12:21:48,489 - INFO - ================================================================================
2025-11-24 12:21:48,489 - INFO - 开始转换和合并标准时间表
2025-11-24 12:21:48,490 - INFO - ================================================================================
2025-11-24 12:21:48,490 - INFO - 读取工厂 1303 的Excel文件: C:\Users\huangk14\OneDrive - Medtronic PLC\General - CZ OPS生产每日产出登记\1303 Routing及机加工产品清单.xlsx
2025-11-24 12:21:52,132 - INFO - 工厂 1303 Routing表读取成功，共 38293 行数据
2025-11-24 12:21:52,422 - INFO - 工厂 1303 机加工清单表读取成功，共 3699 行数据
2025-11-24 12:21:52,423 - INFO - 读取工厂 9997 的Excel文件: C:\Users\huangk14\OneDrive - Medtronic PLC\General - CZ OPS生产每日产出登记\9997 Routing及机加工产品清单.xlsx
2025-11-24 12:22:20,555 - INFO - 工厂 9997 Routing表读取成功，共 291118 行数据
2025-11-24 12:22:21,704 - INFO - 工厂 9997 机加工清单表读取成功，共 23223 行数据
2025-11-24 12:22:21,799 - INFO - 所有工厂Routing数据合并完成，共 329411 行数据
2025-11-24 12:22:21,800 - INFO - 所有工厂机加工清单数据合并完成，共 26922 行数据
2025-11-24 12:22:23,815 - INFO - Routing表处理完成，共 329411 行数据
2025-11-24 12:22:24,514 - INFO - 合并完成，合并后共 332430 行数据
2025-11-24 12:22:24,515 - INFO - 匹配到OEE: 3647 行
2025-11-24 12:22:24,516 - INFO - 匹配到调试时间: 2521 行
2025-11-24 12:22:26,097 - INFO - 已保存Parquet文件: C:/Users/huangk14/OneDrive - Medtronic PLC/CZ Production - 文档/General/POWER BI 数据源 V2/30-MES导出数据/publish\SAP_Routing_latest.parquet, 行数: 332430
2025-11-24 12:22:26,197 - INFO - 数据量较大(332430行)，Excel文件只保存前10000行
2025-11-24 12:22:29,523 - INFO - 已保存Excel验证文件: C:/Users/huangk14/OneDrive - Medtronic PLC/CZ Production - 文档/General/POWER BI 数据源 V2/30-MES导出数据/publish\excel\SAP_Routing_latest.xlsx, 行数: 10000
2025-11-24 12:22:29,536 - INFO - 已保存合并后的标准时间表Parquet文件: C:/Users/huangk14/OneDrive - Medtronic PLC/CZ Production - 文档/General/POWER BI 数据源 V2/30-MES导出数据/publish\SAP_Routing_latest.parquet, 行数: 332430
2025-11-24 12:22:29,630 - INFO - ================================================================================
2025-11-24 12:22:29,631 - INFO - 转换和合并完成！
2025-11-24 12:22:29,631 - INFO - ================================================================================
2025-11-26 08:28:26,586 - INFO - ============================================================
2025-11-26 08:28:26,586 - INFO - 无人值守模式启动
2025-11-26 08:28:26,588 - INFO - 刷新模式: 增量刷新
2025-11-26 08:28:26,588 - INFO - ============================================================
2025-11-26 08:28:26,591 - INFO - 输出文件名: SAP_Routing_latest.parquet
2025-11-26 08:28:26,592 - INFO - ================================================================================
2025-11-26 08:28:26,592 - INFO - 开始转换和合并标准时间表
2025-11-26 08:28:26,593 - INFO - ================================================================================
2025-11-26 08:28:26,593 - INFO - 读取工厂 1303 的Excel文件: C:\Users\huangk14\OneDrive - Medtronic PLC\General - CZ OPS生产每日产出登记\1303 Routing及机加工产品清单.xlsx
2025-11-26 08:28:40,570 - INFO - 工厂 1303 Routing表读取成功，共 38293 行数据
2025-11-26 08:28:41,138 - INFO - 工厂 1303 机加工清单表读取成功，共 3699 行数据
2025-11-26 08:28:41,138 - INFO - 读取工厂 9997 的Excel文件: C:\Users\huangk14\OneDrive - Medtronic PLC\General - CZ OPS生产每日产出登记\9997 Routing及机加工产品清单.xlsx
2025-11-26 08:29:34,380 - INFO - 工厂 9997 Routing表读取成功，共 291118 行数据
2025-11-26 08:29:36,180 - INFO - 工厂 9997 机加工清单表读取成功，共 23223 行数据
2025-11-26 08:29:36,236 - INFO - 所有工厂Routing数据合并完成，共 329411 行数据
2025-11-26 08:29:36,236 - INFO - 所有工厂机加工清单数据合并完成，共 26922 行数据
2025-11-26 08:29:38,786 - INFO - Routing表处理完成，共 329411 行数据
2025-11-26 08:29:39,480 - INFO - 合并完成，合并后共 332430 行数据
2025-11-26 08:29:39,482 - INFO - 匹配到OEE: 3647 行
2025-11-26 08:29:39,483 - INFO - 匹配到调试时间: 2521 行
2025-11-26 08:29:41,274 - INFO - 已保存Parquet文件: C:/Users/huangk14/OneDrive - Medtronic PLC/CZ Production - 文档/General/POWER BI 数据源 V2/30-MES导出数据/publish\SAP_Routing_latest.parquet, 行数: 332430
2025-11-26 08:29:41,384 - INFO - 数据量较大(332430行)，Excel文件只保存前10000行
2025-11-26 08:29:50,213 - INFO - 已保存Excel验证文件: C:/Users/huangk14/OneDrive - Medtronic PLC/CZ Production - 文档/General/POWER BI 数据源 V2/30-MES导出数据/publish\excel\SAP_Routing_latest.xlsx, 行数: 10000
2025-11-26 08:29:50,261 - INFO - 已保存合并后的标准时间表Parquet文件: C:/Users/huangk14/OneDrive - Medtronic PLC/CZ Production - 文档/General/POWER BI 数据源 V2/30-MES导出数据/publish\SAP_Routing_latest.parquet, 行数: 332430
2025-11-26 08:29:50,413 - INFO - ================================================================================
2025-11-26 08:29:50,414 - INFO - 转换和合并完成！
2025-11-26 08:29:50,414 - INFO - ================================================================================
2025-11-26 09:27:50,007 - INFO - ============================================================
2025-11-26 09:27:50,008 - INFO - 无人值守模式启动
2025-11-26 09:27:50,009 - INFO - 刷新模式: 增量刷新
2025-11-26 09:27:50,009 - INFO - ============================================================
2025-11-26 09:27:50,012 - INFO - 输出文件名: SAP_Routing_latest.parquet
2025-11-26 09:27:50,012 - INFO - ================================================================================
2025-11-26 09:27:50,013 - INFO - 开始转换和合并标准时间表
2025-11-26 09:27:50,015 - INFO - ================================================================================
2025-11-26 09:27:50,015 - INFO - 读取工厂 1303 的Excel文件: C:\Users\huangk14\OneDrive - Medtronic PLC\General - CZ OPS生产每日产出登记\1303 Routing及机加工产品清单.xlsx
2025-11-26 09:27:55,976 - INFO - 工厂 1303 Routing表读取成功，共 38293 行数据
2025-11-26 09:27:56,262 - INFO - 工厂 1303 机加工清单表读取成功，共 3699 行数据
2025-11-26 09:27:56,262 - INFO - 读取工厂 9997 的Excel文件: C:\Users\huangk14\OneDrive - Medtronic PLC\General - CZ OPS生产每日产出登记\9997 Routing及机加工产品清单.xlsx
2025-11-26 09:28:34,297 - INFO - 工厂 9997 Routing表读取成功，共 291118 行数据
2025-11-26 09:28:35,759 - INFO - 工厂 9997 机加工清单表读取成功，共 23223 行数据
2025-11-26 09:28:35,811 - INFO - 所有工厂Routing数据合并完成，共 329411 行数据
2025-11-26 09:28:35,812 - INFO - 所有工厂机加工清单数据合并完成，共 26922 行数据
2025-11-26 09:28:38,978 - INFO - Routing表处理完成，共 329411 行数据
2025-11-26 09:28:39,975 - INFO - 合并完成，合并后共 332430 行数据
2025-11-26 09:28:39,981 - INFO - 匹配到OEE: 3647 行
2025-11-26 09:28:39,984 - INFO - 匹配到调试时间: 2521 行
2025-11-26 09:28:43,769 - INFO - 已保存Parquet文件: C:/Users/huangk14/OneDrive - Medtronic PLC/CZ Production - 文档/General/POWER BI 数据源 V2/30-MES导出数据/publish\SAP_Routing_latest.parquet, 行数: 332430
2025-11-26 09:28:43,906 - INFO - 数据量较大(332430行)，Excel文件只保存前10000行
2025-11-26 09:28:49,929 - INFO - 已保存Excel验证文件: C:/Users/huangk14/OneDrive - Medtronic PLC/CZ Production - 文档/General/POWER BI 数据源 V2/30-MES导出数据/publish\excel\SAP_Routing_latest.xlsx, 行数: 10000
2025-11-26 09:28:49,956 - INFO - 已保存合并后的标准时间表Parquet文件: C:/Users/huangk14/OneDrive - Medtronic PLC/CZ Production - 文档/General/POWER BI 数据源 V2/30-MES导出数据/publish\SAP_Routing_latest.parquet, 行数: 332430
2025-11-26 09:28:50,053 - INFO - ================================================================================
2025-11-26 09:28:50,053 - INFO - 转换和合并完成！
2025-11-26 09:28:50,053 - INFO - ================================================================================
2025-11-26 09:35:53,409 - INFO - ============================================================
2025-11-26 09:35:53,409 - INFO - 无人值守模式启动
2025-11-26 09:35:53,409 - INFO - 刷新模式: 增量刷新
2025-11-26 09:35:53,409 - INFO - ============================================================
2025-11-26 09:35:53,411 - INFO - 输出文件名: SAP_Routing_latest.parquet
2025-11-26 09:35:53,411 - INFO - ================================================================================
2025-11-26 09:35:53,411 - INFO - 开始转换和合并标准时间表
2025-11-26 09:35:53,412 - INFO - ================================================================================
2025-11-26 09:35:53,412 - INFO - 读取工厂 1303 的Excel文件: C:\Users\huangk14\OneDrive - Medtronic PLC\General - CZ OPS生产每日产出登记\1303 Routing及机加工产品清单.xlsx
2025-11-26 09:35:57,834 - INFO - 工厂 1303 Routing表读取成功，共 38293 行数据
2025-11-26 09:35:58,149 - INFO - 工厂 1303 机加工清单表读取成功，共 3699 行数据
2025-11-26 09:35:58,150 - INFO - 读取工厂 9997 的Excel文件: C:\Users\huangk14\OneDrive - Medtronic PLC\General - CZ OPS生产每日产出登记\9997 Routing及机加工产品清单.xlsx
2025-11-26 09:36:50,590 - INFO - 工厂 9997 Routing表读取成功，共 291118 行数据
2025-11-26 09:36:54,406 - INFO - 工厂 9997 机加工清单表读取成功，共 23223 行数据
2025-11-26 09:36:54,466 - INFO - 所有工厂Routing数据合并完成，共 329411 行数据
2025-11-26 09:36:54,469 - INFO - 所有工厂机加工清单数据合并完成，共 26922 行数据
2025-11-26 09:36:58,706 - INFO - Routing表处理完成，共 329411 行数据
2025-11-26 09:36:59,925 - INFO - 合并完成，合并后共 332430 行数据
2025-11-26 09:36:59,928 - INFO - 匹配到OEE: 3647 行
2025-11-26 09:36:59,931 - INFO - 匹配到调试时间: 2521 行
2025-11-26 09:37:04,448 - INFO - 已保存Parquet文件: C:/Users/huangk14/OneDrive - Medtronic PLC/CZ Production - 文档/General/POWER BI 数据源 V2/30-MES导出数据/publish\SAP_Routing_latest.parquet, 行数: 332430
2025-11-26 09:37:04,624 - INFO - 数据量较大(332430行)，Excel文件只保存前10000行
2025-11-26 09:37:13,312 - INFO - 已保存Excel验证文件: C:/Users/huangk14/OneDrive - Medtronic PLC/CZ Production - 文档/General/POWER BI 数据源 V2/30-MES导出数据/publish\excel\SAP_Routing_latest.xlsx, 行数: 10000
2025-11-26 09:37:13,326 - INFO - 已保存合并后的标准时间表Parquet文件: C:/Users/huangk14/OneDrive - Medtronic PLC/CZ Production - 文档/General/POWER BI 数据源 V2/30-MES导出数据/publish\SAP_Routing_latest.parquet, 行数: 332430
2025-11-26 09:37:13,393 - INFO - ================================================================================
2025-11-26 09:37:13,394 - INFO - 转换和合并完成！
2025-11-26 09:37:13,394 - INFO - ================================================================================
2025-11-26 11:09:19,825 - INFO - ============================================================
2025-11-26 11:09:19,828 - INFO - 无人值守模式启动
2025-11-26 11:09:19,828 - INFO - 刷新模式: 增量刷新
2025-11-26 11:09:19,829 - INFO - ============================================================
2025-11-26 11:09:19,830 - INFO - 输出文件名: SAP_Routing_latest.parquet
2025-11-26 11:09:19,832 - INFO - ================================================================================
2025-11-26 11:09:19,832 - INFO - 开始转换和合并标准时间表
2025-11-26 11:09:19,833 - INFO - ================================================================================
2025-11-26 11:09:19,833 - INFO - 读取工厂 1303 的Excel文件: C:\Users\huangk14\OneDrive - Medtronic PLC\General - CZ OPS生产每日产出登记\1303 Routing及机加工产品清单.xlsx
2025-11-26 11:09:28,826 - INFO - 工厂 1303 Routing表读取成功，共 38293 行数据
2025-11-26 11:09:29,218 - INFO - 工厂 1303 机加工清单表读取成功，共 3699 行数据
2025-11-26 11:09:29,218 - INFO - 读取工厂 9997 的Excel文件: C:\Users\huangk14\OneDrive - Medtronic PLC\General - CZ OPS生产每日产出登记\9997 Routing及机加工产品清单.xlsx
2025-11-26 11:10:13,652 - INFO - 工厂 9997 Routing表读取成功，共 291118 行数据
2025-11-26 11:10:15,212 - INFO - 工厂 9997 机加工清单表读取成功，共 23223 行数据
2025-11-26 11:10:15,239 - INFO - 所有工厂Routing数据合并完成，共 329411 行数据
2025-11-26 11:10:15,240 - INFO - 所有工厂机加工清单数据合并完成，共 26922 行数据
2025-11-26 11:10:17,266 - INFO - Routing表处理完成，共 329411 行数据
2025-11-26 11:10:17,832 - INFO - 合并完成，合并后共 332430 行数据
2025-11-26 11:10:17,835 - INFO - 匹配到OEE: 3647 行
2025-11-26 11:10:17,836 - INFO - 匹配到调试时间: 2521 行
2025-11-26 11:10:19,806 - INFO - 已保存Parquet文件: C:/Users/huangk14/OneDrive - Medtronic PLC/CZ Production - 文档/General/POWER BI 数据源 V2/30-MES导出数据/publish\SAP_Routing_latest.parquet, 行数: 332430
2025-11-26 11:10:19,889 - INFO - 数据量较大(332430行)，Excel文件只保存前10000行
2025-11-26 11:10:25,236 - INFO - 已保存Excel验证文件: C:/Users/huangk14/OneDrive - Medtronic PLC/CZ Production - 文档/General/POWER BI 数据源 V2/30-MES导出数据/publish\excel\SAP_Routing_latest.xlsx, 行数: 10000
2025-11-26 11:10:25,250 - INFO - 已保存合并后的标准时间表Parquet文件: C:/Users/huangk14/OneDrive - Medtronic PLC/CZ Production - 文档/General/POWER BI 数据源 V2/30-MES导出数据/publish\SAP_Routing_latest.parquet, 行数: 332430
2025-11-26 11:10:25,297 - INFO - ================================================================================
2025-11-26 11:10:25,299 - INFO - 转换和合并完成！
2025-11-26 11:10:25,299 - INFO - ================================================================================
2025-12-01 10:50:05,979 - INFO - 输出文件名: SAP_Routing_latest.parquet
2025-12-01 10:50:05,981 - INFO - ================================================================================
2025-12-01 10:50:05,983 - INFO - 开始转换和合并标准时间表
2025-12-01 10:50:05,983 - INFO - ================================================================================
2025-12-01 10:50:05,983 - INFO - 读取工厂 1303 的Excel文件: C:\Users\huangk14\OneDrive - Medtronic PLC\General - CZ OPS生产每日产出登记\1303 Routing及机加工产品清单.xlsx
2025-12-01 10:50:09,947 - INFO - 工厂 1303 Routing表读取成功，共 38293 行数据
2025-12-01 10:50:10,194 - INFO - 工厂 1303 机加工清单表读取成功，共 3699 行数据
2025-12-01 10:50:10,195 - INFO - 读取工厂 9997 的Excel文件: C:\Users\huangk14\OneDrive - Medtronic PLC\General - CZ OPS生产每日产出登记\9997 Routing及机加工产品清单.xlsx
2025-12-01 10:50:45,041 - INFO - 工厂 9997 Routing表读取成功，共 291118 行数据
2025-12-01 10:50:47,520 - INFO - 工厂 9997 机加工清单表读取成功，共 23223 行数据
2025-12-01 10:50:47,618 - INFO - 所有工厂Routing数据合并完成，共 329411 行数据
2025-12-01 10:50:47,618 - INFO - 所有工厂机加工清单数据合并完成，共 26922 行数据
2025-12-01 10:50:51,414 - INFO - Routing表处理完成，共 329411 行数据
2025-12-01 10:50:52,454 - INFO - 合并完成，合并后共 332430 行数据
2025-12-01 10:50:52,457 - INFO - 匹配到OEE: 3647 行
2025-12-01 10:50:52,459 - INFO - 匹配到调试时间: 2521 行
2025-12-01 10:50:56,686 - INFO - 已保存Parquet文件: C:/Users/huangk14/OneDrive - Medtronic PLC/CZ Production - 文档/General/POWER BI 数据源 V2/30-MES导出数据/publish\SAP_Routing_latest.parquet, 行数: 332430
2025-12-01 10:50:56,963 - INFO - 数据量较大(332430行)，Excel文件只保存前10000行
2025-12-01 10:51:06,063 - INFO - 已保存Excel验证文件: C:/Users/huangk14/OneDrive - Medtronic PLC/CZ Production - 文档/General/POWER BI 数据源 V2/30-MES导出数据/publish\excel\SAP_Routing_latest.xlsx, 行数: 10000
2025-12-01 10:51:06,091 - INFO - 已保存合并后的标准时间表Parquet文件: C:/Users/huangk14/OneDrive - Medtronic PLC/CZ Production - 文档/General/POWER BI 数据源 V2/30-MES导出数据/publish\SAP_Routing_latest.parquet, 行数: 332430
2025-12-01 10:51:06,173 - INFO - ================================================================================
2025-12-01 10:51:06,173 - INFO - 转换和合并完成！
2025-12-01 10:51:06,173 - INFO - ================================================================================
2025-12-02 09:09:45,957 - INFO - 输出文件名: SAP_Routing_latest.parquet
2025-12-02 09:09:45,963 - INFO - ================================================================================
2025-12-02 09:09:45,964 - INFO - 开始转换和合并标准时间表
2025-12-02 09:09:45,966 - INFO - ================================================================================
2025-12-02 09:09:45,968 - INFO - 读取工厂 1303 的Excel文件: C:\Users\huangk14\OneDrive - Medtronic PLC\General - CZ OPS生产每日产出登记\1303 Routing及机加工产品清单.xlsx
2025-12-02 09:09:55,546 - INFO - 工厂 1303 Routing表读取成功，共 38293 行数据
2025-12-02 09:09:56,089 - INFO - 工厂 1303 机加工清单表读取成功，共 3699 行数据
2025-12-02 09:09:56,090 - INFO - 读取工厂 9997 的Excel文件: C:\Users\huangk14\OneDrive - Medtronic PLC\General - CZ OPS生产每日产出登记\9997 Routing及机加工产品清单.xlsx
2025-12-02 09:11:23,686 - INFO - 工厂 9997 Routing表读取成功，共 291118 行数据
2025-12-02 09:11:29,968 - INFO - 工厂 9997 机加工清单表读取成功，共 23223 行数据
2025-12-02 09:11:30,932 - INFO - 所有工厂Routing数据合并完成，共 329411 行数据
2025-12-02 09:11:30,934 - INFO - 所有工厂机加工清单数据合并完成，共 26922 行数据
2025-12-02 09:11:35,637 - INFO - Routing表处理完成，共 329411 行数据
2025-12-02 09:11:36,948 - INFO - 合并完成，合并后共 332430 行数据
2025-12-02 09:11:36,951 - INFO - 匹配到OEE: 3647 行
2025-12-02 09:11:36,954 - INFO - 匹配到调试时间: 2521 行
2025-12-02 09:11:39,820 - INFO - 已保存Parquet文件: C:/Users/huangk14/OneDrive - Medtronic PLC/CZ Production - 文档/General/POWER BI 数据源 V2/30-MES导出数据/publish\SAP_Routing_latest.parquet, 行数: 332430
2025-12-02 09:11:40,067 - INFO - 数据量较大(332430行)，Excel文件只保存前10000行
2025-12-02 09:11:48,809 - INFO - 已保存Excel验证文件: C:/Users/huangk14/OneDrive - Medtronic PLC/CZ Production - 文档/General/POWER BI 数据源 V2/30-MES导出数据/publish\excel\SAP_Routing_latest.xlsx, 行数: 10000
2025-12-02 09:11:48,836 - INFO - 已保存合并后的标准时间表Parquet文件: C:/Users/huangk14/OneDrive - Medtronic PLC/CZ Production - 文档/General/POWER BI 数据源 V2/30-MES导出数据/publish\SAP_Routing_latest.parquet, 行数: 332430
2025-12-02 09:11:48,960 - INFO - ================================================================================
2025-12-02 09:11:48,963 - INFO - 转换和合并完成！
2025-12-02 09:11:48,964 - INFO - ================================================================================
